module.js:538
    throw err;
    ^

Error: Cannot find module '/home/ubuntu/senpai/src/js/npm'
    at Function.Module._resolveFilename (module.js:536:15)
    at Function.Module._load (module.js:466:25)
    at Function.Module.runMain (module.js:676:10)
    at startup (bootstrap_node.js:187:16)
    at bootstrap_node.js:608:3
module.js:538
    throw err;
    ^

Error: Cannot find module '/home/ubuntu/senpai/src/js/npm'
    at Function.Module._resolveFilename (module.js:536:15)
    at Function.Module._load (module.js:466:25)
    at Function.Module.runMain (module.js:676:10)
    at startup (bootstrap_node.js:187:16)
    at bootstrap_node.js:608:3

> pet-shop@1.0.0 dev /home/ubuntu/senpai
> lite-server

** browser-sync config **
{ injectChanges: false,
  files: [ './**/*.{html,htm,css,js}' ],
  watchOptions: { ignored: 'node_modules' },
  server: 
   { baseDir: [ './src', './build/contracts' ],
     middleware: [ [Function], [Function] ] } }
[Browsersync] Access URLs:
 -------------------------------------
       Local: http://localhost:3000
    External: http://172.31.6.190:3000
 -------------------------------------
          UI: http://localhost:3001
 UI External: http://172.31.6.190:3001
 -------------------------------------
[Browsersync] Serving files from: ./src
[Browsersync] Serving files from: ./build/contracts
[Browsersync] Watching files...
[Browsersync] Couldn't open browser (if you are using BrowserSync in a headless environment, you might want to set the open option to false)
[90m17.11.14 15:22:43[0m [36m304[0m [35mGET[0m [90m/index.html[0m
[90m17.11.14 15:22:43[0m [36m304[0m [35mGET[0m [90m/css/bootstrap.min.css[0m
[90m17.11.14 15:22:43[0m [36m304[0m [35mGET[0m [90m/js/bootstrap.min.js[0m
[90m17.11.14 15:22:43[0m [36m304[0m [35mGET[0m [90m/js/web3.min.js[0m
[90m17.11.14 15:22:43[0m [36m304[0m [35mGET[0m [90m/js/truffle-contract.js[0m
[90m17.11.14 15:22:43[0m [36m304[0m [35mGET[0m [90m/js/app.js[0m
[90m17.11.14 15:22:43[0m [36m304[0m [35mGET[0m [90m/pets.json[0m
[90m17.11.14 15:22:43[0m [36m304[0m [35mGET[0m [90m/Adoption.json[0m
[90m17.11.14 15:22:43[0m [36m304[0m [35mGET[0m [90m/images/scottish-terrier.jpeg[0m
[90m17.11.14 15:22:43[0m [36m304[0m [35mGET[0m [90m/images/french-bulldog.jpeg[0m
[90m17.11.14 15:22:43[0m [36m304[0m [35mGET[0m [90m/images/boxer.jpeg[0m
[90m17.11.14 15:22:43[0m [36m304[0m [35mGET[0m [90m/images/golden-retriever.jpeg[0m
[90m17.11.14 15:22:47[0m [36m304[0m [35mGET[0m [90m/index.html[0m
[90m17.11.14 15:22:47[0m [36m304[0m [35mGET[0m [90m/css/bootstrap.min.css[0m
[90m17.11.14 15:22:47[0m [36m304[0m [35mGET[0m [90m/js/bootstrap.min.js[0m
[90m17.11.14 15:22:47[0m [36m304[0m [35mGET[0m [90m/js/web3.min.js[0m
[90m17.11.14 15:22:47[0m [36m304[0m [35mGET[0m [90m/js/truffle-contract.js[0m
[90m17.11.14 15:22:47[0m [36m304[0m [35mGET[0m [90m/js/app.js[0m
[90m17.11.14 15:22:47[0m [36m304[0m [35mGET[0m [90m/pets.json[0m
[90m17.11.14 15:22:47[0m [36m304[0m [35mGET[0m [90m/Adoption.json[0m
[90m17.11.14 15:22:47[0m [36m304[0m [35mGET[0m [90m/images/scottish-terrier.jpeg[0m
[90m17.11.14 15:22:47[0m [36m304[0m [35mGET[0m [90m/images/french-bulldog.jpeg[0m
[90m17.11.14 15:22:47[0m [36m304[0m [35mGET[0m [90m/images/boxer.jpeg[0m
[90m17.11.14 15:22:47[0m [36m304[0m [35mGET[0m [90m/images/golden-retriever.jpeg[0m

> pet-shop@1.0.0 dev /home/ubuntu/senpai
> lite-server

** browser-sync config **
{ injectChanges: false,
  files: [ './**/*.{html,htm,css,js}' ],
  watchOptions: { ignored: 'node_modules' },
  server: 
   { baseDir: [ './src', './build/contracts' ],
     middleware: [ [Function], [Function] ] } }
[Browsersync] Access URLs:
 -------------------------------------
       Local: http://localhost:3000
    External: http://172.31.6.190:3000
 -------------------------------------
          UI: http://localhost:3001
 UI External: http://172.31.6.190:3001
 -------------------------------------
[Browsersync] Serving files from: ./src
[Browsersync] Serving files from: ./build/contracts
[Browsersync] Watching files...
[Browsersync] Couldn't open browser (if you are using BrowserSync in a headless environment, you might want to set the open option to false)
[90m17.11.15 00:10:30[0m [36m304[0m [35mGET[0m [90m/index.html[0m
[90m17.11.15 00:10:30[0m [36m304[0m [35mGET[0m [90m/css/bootstrap.min.css[0m
[90m17.11.15 00:10:30[0m [36m304[0m [35mGET[0m [90m/js/bootstrap.min.js[0m
[90m17.11.15 00:10:30[0m [36m304[0m [35mGET[0m [90m/js/web3.min.js[0m
[90m17.11.15 00:10:30[0m [36m304[0m [35mGET[0m [90m/js/truffle-contract.js[0m
[90m17.11.15 00:10:30[0m [36m304[0m [35mGET[0m [90m/js/app.js[0m
[90m17.11.15 00:10:30[0m [36m304[0m [35mGET[0m [90m/pets.json[0m
[90m17.11.15 00:10:30[0m [36m304[0m [35mGET[0m [90m/Adoption.json[0m
[90m17.11.15 00:10:30[0m [36m304[0m [35mGET[0m [90m/images/scottish-terrier.jpeg[0m
[90m17.11.15 00:10:30[0m [36m304[0m [35mGET[0m [90m/images/french-bulldog.jpeg[0m
[90m17.11.15 00:10:30[0m [36m304[0m [35mGET[0m [90m/images/boxer.jpeg[0m
[90m17.11.15 00:10:30[0m [36m304[0m [35mGET[0m [90m/images/golden-retriever.jpeg[0m
